# JRE version: OpenJDK Runtime Environment (15.0.2+7) (build 15.0.2+7-27)
# Java VM: OpenJDK 64-Bit Server VM (15.0.2+7-27, mixed mode, tiered, compressed oops, g1 gc, windows-amd64)
GC Precious Log:
 CPUs: 4 total, 4 available
 Memory: 4005M
 Large Page Support: Disabled
 NUMA Support: Disabled
 Compressed Oops: Enabled (32-bit)
 Heap Region Size: 1M
 Heap Min Capacity: 8M
 Heap Initial Capacity: 64M
 Heap Max Capacity: 1002M
 Pre-touch: Disabled
 Parallel Workers: 4
 Concurrent Workers: 1
 Concurrent Refinement Workers: 4
 Periodic GC: Disabled
Heap:
 garbage-first heap   total 126976K, used 22325K [0x00000000c1600000, 0x0000000100000000)
  region size 1024K, 3 young (3072K), 3 survivors (3072K)
 Metaspace       used 29177K, capacity 29734K, committed 29824K, reserved 1075200K
  class space    used 2890K, capacity 3112K, committed 3200K, reserved 1048576K
GC Heap History (20 events):
Event: 5.230 GC heap after
{Heap after GC invocations=7 (full 0):
 garbage-first heap   total 30720K, used 10732K [0x00000000c1600000, 0x0000000100000000)
  region size 1024K, 2 young (2048K), 2 survivors (2048K)
 Metaspace       used 21601K, capacity 21837K, committed 22016K, reserved 1069056K
  class space    used 2183K, capacity 2275K, committed 2304K, reserved 1048576K
}
Event: 5.493 GC heap before
{Heap before GC invocations=7 (full 0):
 garbage-first heap   total 30720K, used 19948K [0x00000000c1600000, 0x0000000100000000)
  region size 1024K, 12 young (12288K), 2 survivors (2048K)
 Metaspace       used 21737K, capacity 21969K, committed 22016K, reserved 1069056K
  class space    used 2184K, capacity 2276K, committed 2304K, reserved 1048576K
}
Event: 5.500 GC heap after
{Heap after GC invocations=8 (full 0):
 garbage-first heap   total 36864K, used 11696K [0x00000000c1600000, 0x0000000100000000)
  region size 1024K, 2 young (2048K), 2 survivors (2048K)
 Metaspace       used 21737K, capacity 21969K, committed 22016K, reserved 1069056K
  class space    used 2184K, capacity 2276K, committed 2304K, reserved 1048576K
}
Event: 5.798 GC heap before
{Heap before GC invocations=8 (full 0):
 garbage-first heap   total 36864K, used 25008K [0x00000000c1600000, 0x0000000100000000)
  region size 1024K, 15 young (15360K), 2 survivors (2048K)
 Metaspace       used 21884K, capacity 22177K, committed 22272K, reserved 1069056K
  class space    used 2189K, capacity 2281K, committed 2304K, reserved 1048576K
}
Event: 5.803 GC heap after
{Heap after GC invocations=9 (full 0):
 garbage-first heap   total 36864K, used 12218K [0x00000000c1600000, 0x0000000100000000)
  region size 1024K, 2 young (2048K), 2 survivors (2048K)
 Metaspace       used 21884K, capacity 22177K, committed 22272K, reserved 1069056K
  class space    used 2189K, capacity 2281K, committed 2304K, reserved 1048576K
}
Event: 6.322 GC heap before
{Heap before GC invocations=9 (full 0):
 garbage-first heap   total 36864K, used 26554K [0x00000000c1600000, 0x0000000100000000)
  region size 1024K, 16 young (16384K), 2 survivors (2048K)
 Metaspace       used 22191K, capacity 22529K, committed 22656K, reserved 1069056K
  class space    used 2204K, capacity 2313K, committed 2432K, reserved 1048576K
}
Event: 6.329 GC heap after
{Heap after GC invocations=10 (full 0):
 garbage-first heap   total 36864K, used 13041K [0x00000000c1600000, 0x0000000100000000)
  region size 1024K, 2 young (2048K), 2 survivors (2048K)
 Metaspace       used 22191K, capacity 22529K, committed 22656K, reserved 1069056K
  class space    used 2204K, capacity 2313K, committed 2432K, reserved 1048576K
}
Event: 6.652 GC heap before
{Heap before GC invocations=10 (full 0):
 garbage-first heap   total 36864K, used 27377K [0x00000000c1600000, 0x0000000100000000)
  region size 1024K, 16 young (16384K), 2 survivors (2048K)
 Metaspace       used 22389K, capacity 22667K, committed 22912K, reserved 1069056K
  class space    used 2207K, capacity 2316K, committed 2432K, reserved 1048576K
}
Event: 6.658 GC heap after
{Heap after GC invocations=11 (full 0):
 garbage-first heap   total 36864K, used 13812K [0x00000000c1600000, 0x0000000100000000)
  region size 1024K, 2 young (2048K), 2 survivors (2048K)
 Metaspace       used 22389K, capacity 22667K, committed 22912K, reserved 1069056K
  class space    used 2207K, capacity 2316K, committed 2432K, reserved 1048576K
}
Event: 7.118 GC heap before
{Heap before GC invocations=11 (full 0):
 garbage-first heap   total 36864K, used 24052K [0x00000000c1600000, 0x0000000100000000)
  region size 1024K, 13 young (13312K), 2 survivors (2048K)
 Metaspace       used 23384K, capacity 23779K, committed 24064K, reserved 1071104K
  class space    used 2301K, capacity 2452K, committed 2560K, reserved 1048576K
}
Event: 7.125 GC heap after
{Heap after GC invocations=12 (full 0):
 garbage-first heap   total 36864K, used 14777K [0x00000000c1600000, 0x0000000100000000)
  region size 1024K, 2 young (2048K), 2 survivors (2048K)
 Metaspace       used 23384K, capacity 23779K, committed 24064K, reserved 1071104K
  class space    used 2301K, capacity 2452K, committed 2560K, reserved 1048576K
}
Event: 7.300 GC heap before
{Heap before GC invocations=13 (full 0):
 garbage-first heap   total 97280K, used 55737K [0x00000000c1600000, 0x0000000100000000)
  region size 1024K, 3 young (3072K), 2 survivors (2048K)
 Metaspace       used 23436K, capacity 23779K, committed 24064K, reserved 1071104K
  class space    used 2307K, capacity 2452K, committed 2560K, reserved 1048576K
}
Event: 7.305 GC heap after
{Heap after GC invocations=14 (full 0):
 garbage-first heap   total 97280K, used 47389K [0x00000000c1600000, 0x0000000100000000)
  region size 1024K, 1 young (1024K), 1 survivors (1024K)
 Metaspace       used 23436K, capacity 23779K, committed 24064K, reserved 1071104K
  class space    used 2307K, capacity 2452K, committed 2560K, reserved 1048576K
}
Event: 8.564 GC heap before
{Heap before GC invocations=15 (full 0):
 garbage-first heap   total 99328K, used 88349K [0x00000000c1600000, 0x0000000100000000)
  region size 1024K, 33 young (33792K), 1 survivors (1024K)
 Metaspace       used 24208K, capacity 24592K, committed 24832K, reserved 1071104K
  class space    used 2346K, capacity 2492K, committed 2560K, reserved 1048576K
}
Event: 8.572 GC heap after
{Heap after GC invocations=16 (full 0):
 garbage-first heap   total 99328K, used 16382K [0x00000000c1600000, 0x0000000100000000)
  region size 1024K, 3 young (3072K), 3 survivors (3072K)
 Metaspace       used 24208K, capacity 24592K, committed 24832K, reserved 1071104K
  class space    used 2346K, capacity 2492K, committed 2560K, reserved 1048576K
}
Event: 10.435 GC heap before
{Heap before GC invocations=16 (full 0):
 garbage-first heap   total 99328K, used 97278K [0x00000000c1600000, 0x0000000100000000)
  region size 1024K, 58 young (59392K), 3 survivors (3072K)
 Metaspace       used 27475K, capacity 27926K, committed 28032K, reserved 1075200K
  class space    used 2700K, capacity 2872K, committed 2944K, reserved 1048576K
}
Event: 10.450 GC heap after
{Heap after GC invocations=17 (full 0):
 garbage-first heap   total 105472K, used 19390K [0x00000000c1600000, 0x0000000100000000)
  region size 1024K, 6 young (6144K), 6 survivors (6144K)
 Metaspace       used 27475K, capacity 27926K, committed 28032K, reserved 1075200K
  class space    used 2700K, capacity 2872K, committed 2944K, reserved 1048576K
}
Event: 11.226 GC heap before
{Heap before GC invocations=17 (full 0):
 garbage-first heap   total 105472K, used 75710K [0x00000000c1600000, 0x0000000100000000)
  region size 1024K, 61 young (62464K), 6 survivors (6144K)
 Metaspace       used 28242K, capacity 28756K, committed 28928K, reserved 1075200K
  class space    used 2786K, capacity 2978K, committed 3072K, reserved 1048576K
}
Event: 11.242 GC heap after
{Heap after GC invocations=18 (full 0):
 garbage-first heap   total 105472K, used 22271K [0x00000000c1600000, 0x0000000100000000)
  region size 1024K, 5 young (5120K), 5 survivors (5120K)
 Metaspace       used 28242K, capacity 28756K, committed 28928K, reserved 1075200K
  class space    used 2786K, capacity 2978K, committed 3072K, reserved 1048576K
}
Event: 12.048 GC heap before
{Heap before GC invocations=18 (full 0):
 garbage-first heap   total 105472K, used 78591K [0x00000000c1600000, 0x0000000100000000)
  region size 1024K, 61 young (62464K), 5 survivors (5120K)
 Metaspace       used 29177K, capacity 29734K, committed 29824K, reserved 1075200K
  class space    used 2890K, capacity 3112K, committed 3200K, reserved 1048576K
}

