# JRE version: OpenJDK Runtime Environment (15.0.2+7) (build 15.0.2+7-27)
# Java VM: OpenJDK 64-Bit Server VM (15.0.2+7-27, mixed mode, tiered, compressed oops, g1 gc, windows-amd64)
GC Precious Log:
 CPUs: 4 total, 4 available
 Memory: 4005M
 Large Page Support: Disabled
 NUMA Support: Disabled
 Compressed Oops: Enabled (32-bit)
 Heap Region Size: 1M
 Heap Min Capacity: 8M
 Heap Initial Capacity: 64M
 Heap Max Capacity: 1002M
 Pre-touch: Disabled
 Parallel Workers: 4
 Concurrent Workers: 1
 Concurrent Refinement Workers: 4
 Periodic GC: Disabled
Heap:
 garbage-first heap   total 96256K, used 54792K [0x00000000c1600000, 0x0000000100000000)
  region size 1024K, 3 young (3072K), 2 survivors (2048K)
 Metaspace       used 23464K, capacity 23843K, committed 24064K, reserved 1071104K
  class space    used 2306K, capacity 2452K, committed 2560K, reserved 1048576K
GC Heap History (20 events):
Event: 5.992 GC heap before
{Heap before GC invocations=2 (full 0):
 garbage-first heap   total 65536K, used 27664K [0x00000000c1600000, 0x0000000100000000)
  region size 1024K, 25 young (25600K), 1 survivors (1024K)
 Metaspace       used 17901K, capacity 18111K, committed 18432K, reserved 1064960K
  class space    used 1822K, capacity 1939K, committed 2048K, reserved 1048576K
}
Event: 6.000 GC heap after
{Heap after GC invocations=3 (full 0):
 garbage-first heap   total 65536K, used 5370K [0x00000000c1600000, 0x0000000100000000)
  region size 1024K, 2 young (2048K), 2 survivors (2048K)
 Metaspace       used 17901K, capacity 18111K, committed 18432K, reserved 1064960K
  class space    used 1822K, capacity 1939K, committed 2048K, reserved 1048576K
}
Event: 7.009 GC heap before
{Heap before GC invocations=3 (full 0):
 garbage-first heap   total 65536K, used 18682K [0x00000000c1600000, 0x0000000100000000)
  region size 1024K, 16 young (16384K), 2 survivors (2048K)
 Metaspace       used 20934K, capacity 21153K, committed 21248K, reserved 1069056K
  class space    used 2140K, capacity 2239K, committed 2304K, reserved 1048576K
}
Event: 7.020 GC heap after
{Heap after GC invocations=4 (full 0):
 garbage-first heap   total 65536K, used 6816K [0x00000000c1600000, 0x0000000100000000)
  region size 1024K, 4 young (4096K), 4 survivors (4096K)
 Metaspace       used 20934K, capacity 21153K, committed 21248K, reserved 1069056K
  class space    used 2140K, capacity 2239K, committed 2304K, reserved 1048576K
}
Event: 7.917 GC heap before
{Heap before GC invocations=5 (full 0):
 garbage-first heap   total 30720K, used 21152K [0x00000000c1600000, 0x0000000100000000)
  region size 1024K, 18 young (18432K), 4 survivors (4096K)
 Metaspace       used 21434K, capacity 21709K, committed 21760K, reserved 1069056K
  class space    used 2170K, capacity 2275K, committed 2304K, reserved 1048576K
}
Event: 7.938 GC heap after
{Heap after GC invocations=6 (full 0):
 garbage-first heap   total 30720K, used 8861K [0x00000000c1600000, 0x0000000100000000)
  region size 1024K, 3 young (3072K), 3 survivors (3072K)
 Metaspace       used 21434K, capacity 21709K, committed 21760K, reserved 1069056K
  class space    used 2170K, capacity 2275K, committed 2304K, reserved 1048576K
}
Event: 8.307 GC heap before
{Heap before GC invocations=6 (full 0):
 garbage-first heap   total 30720K, used 20125K [0x00000000c1600000, 0x0000000100000000)
  region size 1024K, 14 young (14336K), 3 survivors (3072K)
 Metaspace       used 21639K, capacity 21901K, committed 22016K, reserved 1069056K
  class space    used 2183K, capacity 2275K, committed 2304K, reserved 1048576K
}
Event: 8.319 GC heap after
{Heap after GC invocations=7 (full 0):
 garbage-first heap   total 30720K, used 10025K [0x00000000c1600000, 0x0000000100000000)
  region size 1024K, 2 young (2048K), 2 survivors (2048K)
 Metaspace       used 21639K, capacity 21901K, committed 22016K, reserved 1069056K
  class space    used 2183K, capacity 2275K, committed 2304K, reserved 1048576K
}
Event: 8.686 GC heap before
{Heap before GC invocations=7 (full 0):
 garbage-first heap   total 30720K, used 21289K [0x00000000c1600000, 0x0000000100000000)
  region size 1024K, 13 young (13312K), 2 survivors (2048K)
 Metaspace       used 21777K, capacity 22033K, committed 22272K, reserved 1069056K
  class space    used 2184K, capacity 2276K, committed 2304K, reserved 1048576K
}
Event: 8.693 GC heap after
{Heap after GC invocations=8 (full 0):
 garbage-first heap   total 30720K, used 10801K [0x00000000c1600000, 0x0000000100000000)
  region size 1024K, 1 young (1024K), 1 survivors (1024K)
 Metaspace       used 21777K, capacity 22033K, committed 22272K, reserved 1069056K
  class space    used 2184K, capacity 2276K, committed 2304K, reserved 1048576K
}
Event: 9.079 GC heap before
{Heap before GC invocations=8 (full 0):
 garbage-first heap   total 30720K, used 22065K [0x00000000c1600000, 0x0000000100000000)
  region size 1024K, 12 young (12288K), 1 survivors (1024K)
 Metaspace       used 21886K, capacity 22170K, committed 22272K, reserved 1069056K
  class space    used 2189K, capacity 2279K, committed 2304K, reserved 1048576K
}
Event: 9.084 GC heap after
{Heap after GC invocations=9 (full 0):
 garbage-first heap   total 30720K, used 11442K [0x00000000c1600000, 0x0000000100000000)
  region size 1024K, 2 young (2048K), 2 survivors (2048K)
 Metaspace       used 21886K, capacity 22170K, committed 22272K, reserved 1069056K
  class space    used 2189K, capacity 2279K, committed 2304K, reserved 1048576K
}
Event: 9.524 GC heap before
{Heap before GC invocations=9 (full 0):
 garbage-first heap   total 30720K, used 20658K [0x00000000c1600000, 0x0000000100000000)
  region size 1024K, 12 young (12288K), 2 survivors (2048K)
 Metaspace       used 22029K, capacity 22305K, committed 22528K, reserved 1069056K
  class space    used 2190K, capacity 2281K, committed 2304K, reserved 1048576K
}
Event: 9.530 GC heap after
{Heap after GC invocations=10 (full 0):
 garbage-first heap   total 30720K, used 11874K [0x00000000c1600000, 0x0000000100000000)
  region size 1024K, 2 young (2048K), 2 survivors (2048K)
 Metaspace       used 22029K, capacity 22305K, committed 22528K, reserved 1069056K
  class space    used 2190K, capacity 2281K, committed 2304K, reserved 1048576K
}
Event: 11.835 GC heap before
{Heap before GC invocations=10 (full 0):
 garbage-first heap   total 30720K, used 22114K [0x00000000c1600000, 0x0000000100000000)
  region size 1024K, 12 young (12288K), 2 survivors (2048K)
 Metaspace       used 22311K, capacity 22599K, committed 22912K, reserved 1069056K
  class space    used 2206K, capacity 2315K, committed 2432K, reserved 1048576K
}
Event: 11.840 GC heap after
{Heap after GC invocations=11 (full 0):
 garbage-first heap   total 30720K, used 12416K [0x00000000c1600000, 0x0000000100000000)
  region size 1024K, 1 young (1024K), 1 survivors (1024K)
 Metaspace       used 22311K, capacity 22599K, committed 22912K, reserved 1069056K
  class space    used 2206K, capacity 2315K, committed 2432K, reserved 1048576K
}
Event: 12.184 GC heap before
{Heap before GC invocations=11 (full 0):
 garbage-first heap   total 30720K, used 23680K [0x00000000c1600000, 0x0000000100000000)
  region size 1024K, 12 young (12288K), 1 survivors (1024K)
 Metaspace       used 22445K, capacity 22731K, committed 22912K, reserved 1069056K
  class space    used 2206K, capacity 2316K, committed 2432K, reserved 1048576K
}
Event: 12.189 GC heap after
{Heap after GC invocations=12 (full 0):
 garbage-first heap   total 30720K, used 13039K [0x00000000c1600000, 0x0000000100000000)
  region size 1024K, 2 young (2048K), 2 survivors (2048K)
 Metaspace       used 22445K, capacity 22731K, committed 22912K, reserved 1069056K
  class space    used 2206K, capacity 2316K, committed 2432K, reserved 1048576K
}
Event: 12.718 GC heap before
{Heap before GC invocations=12 (full 0):
 garbage-first heap   total 30720K, used 22255K [0x00000000c1600000, 0x0000000100000000)
  region size 1024K, 12 young (12288K), 2 survivors (2048K)
 Metaspace       used 23409K, capacity 23779K, committed 24064K, reserved 1071104K
  class space    used 2301K, capacity 2452K, committed 2560K, reserved 1048576K
}
Event: 12.725 GC heap after
{Heap after GC invocations=13 (full 0):
 garbage-first heap   total 30720K, used 13832K [0x00000000c1600000, 0x0000000100000000)
  region size 1024K, 2 young (2048K), 2 survivors (2048K)
 Metaspace       used 23409K, capacity 23779K, committed 24064K, reserved 1071104K
  class space    used 2301K, capacity 2452K, committed 2560K, reserved 1048576K
}

